<?xml version="1.0" encoding="utf-8"?><testsuites name="pytest tests"><testsuite name="pytest" errors="0" failures="0" skipped="0" tests="19" time="6.713" timestamp="2026-04-29T16:21:07.466146+00:00" hostname="agent-env-8d4cea09-19ee-4a82-bed8-53be7f600544"><testcase classname="backend.tests.test_douro_blog.TestAuth" name="test_login_success" time="0.742" /><testcase classname="backend.tests.test_douro_blog.TestAuth" name="test_login_invalid" time="0.460" /><testcase classname="backend.tests.test_douro_blog.TestAuth" name="test_get_me" time="0.646" /><testcase classname="backend.tests.test_douro_blog.TestAuth" name="test_get_me_no_auth" time="0.137" /><testcase classname="backend.tests.test_douro_blog.TestPosts" name="test_get_posts" time="0.140" /><testcase classname="backend.tests.test_douro_blog.TestPosts" name="test_get_posts_by_category" time="0.160" /><testcase classname="backend.tests.test_douro_blog.TestPosts" name="test_get_single_post" time="0.183" /><testcase classname="backend.tests.test_douro_blog.TestPosts" name="test_post_not_found" time="0.134" /><testcase classname="backend.tests.test_douro_blog.TestPosts" name="test_create_post" time="0.344" /><testcase classname="backend.tests.test_douro_blog.TestPosts" name="test_create_post_no_auth" time="0.193" /><testcase classname="backend.tests.test_douro_blog.TestCategories" name="test_get_categories" time="0.168" /><testcase classname="backend.tests.test_douro_blog.TestComments" name="test_get_comments" time="0.176" /><testcase classname="backend.tests.test_douro_blog.TestComments" name="test_create_comment" time="0.791" /><testcase classname="backend.tests.test_douro_blog.TestGallery" name="test_get_gallery" time="0.134" /><testcase classname="backend.tests.test_douro_blog.TestGallery" name="test_create_gallery_item" time="0.272" /><testcase classname="backend.tests.test_douro_blog.TestTimeline" name="test_get_timeline" time="0.278" /><testcase classname="backend.tests.test_douro_blog.TestTimeline" name="test_create_timeline_event" time="0.414" /><testcase classname="backend.tests.test_douro_blog.TestTeam" name="test_get_team" time="0.121" /><testcase classname="backend.tests.test_douro_blog.TestTeam" name="test_create_team_member" time="0.752" /></testsuite></testsuites>